2025-11-26T05:02:23.537Z In(05) mks Log for VMware Workstation pid=6300 version=17.6.3 build=build-24583834 option=Release
2025-11-26T05:02:23.537Z In(05) mks The host is x86_64.
2025-11-26T05:02:23.537Z In(05) mks Host codepage=windows-1252 encoding=windows-1252
2025-11-26T05:02:23.537Z In(05) mks Host is Windows 11 Pro, 64-bit (Build 22631.6060)
2025-11-26T05:02:23.537Z In(05) mks Host offset from UTC is -05:30.
2025-11-26T05:02:24.280Z In(05) main  MKSSandbox: MKS_UUID=52 26 0e 59 d6 42 4b ba-fa 83 b2 e7 b4 83 37 b8
2025-11-26T05:02:24.280Z In(05) main  MKSRoleMain: Powering on MKS
2025-11-26T05:02:24.280Z In(05) main  MKS PowerOn
2025-11-26T05:02:24.280Z In(05) mks  VTHREAD 5920 "mks"
2025-11-26T05:02:24.280Z In(05) mks  MKS thread is alive
2025-11-26T05:02:24.280Z In(05) svga  VTHREAD 4696 "svga"
2025-11-26T05:02:24.280Z In(05) svga  SVGA thread is alive
2025-11-26T05:02:24.280Z In(05) mks  MKS: SSE2=1, SSSE3=1, SSE4_1=1
2025-11-26T05:02:24.291Z In(05) mks  MKSWin32: Registering top level window (0x404b4) to receive session change notification.
2025-11-26T05:02:24.292Z In(05) mks  MKSWin32: Successfully enabled high resolution system timer.
2025-11-26T05:02:24.292Z In(05) mks  MKSWin32: Disabled power throttling.
2025-11-26T05:02:24.292Z In(05) mks  Current Display Settings:
2025-11-26T05:02:24.292Z In(05) mks     Display: 0 size: 1920x1080  position: (0, 0) name: \\.\DISPLAY1  
2025-11-26T05:02:24.292Z In(05) mks  MKSWin32: MIL: 0x2000
2025-11-26T05:02:24.292Z In(05) mks  MKSRenderMain: PowerOn allowed DX12 DX11 VK 
2025-11-26T05:02:24.292Z In(05) mks  MKSRenderMain: ISB not enabled by config
2025-11-26T05:02:24.292Z In(05) mks  MKSRenderMain: Collecting RenderOps caps from VK
2025-11-26T05:02:24.292Z In(05) mks  MKSRenderMain: Starting VK
2025-11-26T05:02:27.613Z In(05) mks  Vulkan Renderer: Available Vulkan devices:
2025-11-26T05:02:27.613Z In(05) mks  Vulkan Renderer: Vulkan Device 0:
2025-11-26T05:02:27.613Z In(05) mks  Vulkan Renderer:   Vendor: 'Intel'
2025-11-26T05:02:27.613Z In(05) mks  Vulkan Renderer:   ID: 0x4692
2025-11-26T05:02:27.613Z In(05) mks  Vulkan Renderer:   Type: 0x1
2025-11-26T05:02:27.613Z In(05) mks  Vulkan Renderer:   Name: 'Intel(R) UHD Graphics 730'
2025-11-26T05:02:27.613Z In(05) mks  Vulkan Renderer:   GPU chip: Alder Lake (Gen12.2)
2025-11-26T05:02:27.613Z In(05) mks  Vulkan Renderer:   GPU type: Integrated
2025-11-26T05:02:27.613Z In(05) mks  Vulkan Renderer:   Driver Name: 'Intel Corporation'
2025-11-26T05:02:27.613Z In(05) mks  Vulkan Renderer:   Driver Version: 0x195b72
2025-11-26T05:02:27.613Z In(05) mks  Vulkan Renderer:   Driver ID: 0x5
2025-11-26T05:02:27.613Z In(05) mks  Vulkan Renderer:   Driver Info: '101.7026'
2025-11-26T05:02:27.613Z In(05) mks  Vulkan Renderer:   API Version: 1.4.323
2025-11-26T05:02:27.613Z In(05) mks  Vulkan Renderer:   Device supported: yes
2025-11-26T05:02:27.613Z In(05) mks  Vulkan Renderer:   Presentation support: false
2025-11-26T05:02:27.613Z In(05) mks  Vulkan Renderer: Using device 0 of 1
2025-11-26T05:02:27.614Z Wa(03) mks  Vulkan Renderer: VK_EXT_ycbcr_image_arrays extension not supported. YCbCr image arrays will not work.
2025-11-26T05:02:27.614Z Wa(03) mks  Vulkan Renderer: shaderFloat64 not supported.  Emulated double precision shader arithmetic will not be completely accurate.
2025-11-26T05:02:27.801Z Wa(03) mks  Vulkan Renderer: Using external handle 8 externalMemoryFeatures = 0x5, compatibleHandleTypes = 0x18a
2025-11-26T05:02:27.801Z In(05) mks  Vulkan Renderer: Maximum descriptors: 16384, Maximum Descriptor sets: 4000 
2025-11-26T05:02:27.804Z In(05) mks  Vulkan Renderer: Created with LUID: 0x000000000000e33b
2025-11-26T05:02:27.804Z In(05) mks  Vulkan Renderer: Physical Device Limits:
2025-11-26T05:02:27.804Z In(05) mks  Vulkan Renderer:   maxImageDimension2D=16384
2025-11-26T05:02:27.804Z In(05) mks  Vulkan Renderer:   maxBoundDescriptorSets=32
2025-11-26T05:02:27.804Z In(05) mks  Vulkan Renderer:   maxDescriptorSetUniformBuffers=1800
2025-11-26T05:02:27.804Z In(05) mks  Vulkan Renderer:   maxDescriptorSetUniformBuffersDyname=16
2025-11-26T05:02:27.804Z In(05) mks  Vulkan Renderer:   minUniformBufferOffsetAlignment=64
2025-11-26T05:02:27.804Z In(05) mks  Vulkan Renderer:   maxVertexInputAttributes=32
2025-11-26T05:02:27.804Z In(05) mks  Vulkan Renderer:   maxVertexOutputComponents=128
2025-11-26T05:02:27.804Z In(05) mks  Vulkan Renderer:   maxTessellationGenerationLevel=64
2025-11-26T05:02:27.804Z In(05) mks  Vulkan Renderer:   maxTessellationPatchSize=32
2025-11-26T05:02:27.804Z In(05) mks  Vulkan Renderer:   maxTessellationControlPerVertexInputComponents=128
2025-11-26T05:02:27.804Z In(05) mks  Vulkan Renderer:   maxTessellationControlPerVertexOutputComponents=128
2025-11-26T05:02:27.804Z In(05) mks  Vulkan Renderer:   maxTessellationControlPerPatchOutputComponents=120
2025-11-26T05:02:27.804Z In(05) mks  Vulkan Renderer:   maxTessellationControlTotalOutputComponents=4096
2025-11-26T05:02:27.804Z In(05) mks  Vulkan Renderer:   maxTessellationEvaluationInputComponents=128
2025-11-26T05:02:27.804Z In(05) mks  Vulkan Renderer:   maxTessellationEvaluationOutputComponents=128
2025-11-26T05:02:27.804Z In(05) mks  Vulkan Renderer:   maxGeometryInputComponents=128
2025-11-26T05:02:27.804Z In(05) mks  Vulkan Renderer:   maxGeometryOutputComponents=128
2025-11-26T05:02:27.804Z In(05) mks  Vulkan Renderer:   maxFragmentInputComponents=128
2025-11-26T05:02:27.804Z In(05) mks  Vulkan Renderer:   maxFragmentOutputAttachments=8
2025-11-26T05:02:27.804Z In(05) mks  Vulkan Renderer:   pointSizeRange = 0.125000, 255.875000
2025-11-26T05:02:27.804Z In(05) mks  Vulkan Renderer:   pointSizeGranularity = 0.125000
2025-11-26T05:02:27.804Z In(05) mks  Vulkan Renderer:   lineWidthRange = 0.000000, 7.992188
2025-11-26T05:02:27.804Z In(05) mks  Vulkan Renderer:   lineWidthGranularity = 0.007813
2025-11-26T05:02:27.804Z In(05) mks  Vulkan Renderer:   strictLines = 0
2025-11-26T05:02:27.804Z In(05) mks  Vulkan Renderer:   standardSampleLocations = 1
2025-11-26T05:02:27.804Z In(05) mks  Vulkan Renderer:   maxMemoryAllocationCount = 1039834
2025-11-26T05:02:27.804Z In(05) mks  Vulkan Renderer:   maxPushConstantsSize = 256
2025-11-26T05:02:27.804Z In(05) mks  Vulkan Renderer:   srvSampleFlags integerColor=15, color=15, depth=15
2025-11-26T05:02:27.804Z In(05) mks  Vulkan Renderer:   attachmentSampleFlags color=15, depth=15
2025-11-26T05:02:27.804Z In(05) mks  Vulkan Renderer:   noAttachmentsSampleFlags=15
2025-11-26T05:02:27.804Z In(05) mks  Vulkan Renderer:   robustBufferAccess=1
2025-11-26T05:02:27.804Z In(05) mks  Vulkan Renderer:   imageCubeArray=1
2025-11-26T05:02:27.804Z In(05) mks  Vulkan Renderer:   geometryShader=1
2025-11-26T05:02:27.804Z In(05) mks  Vulkan Renderer:   tessellationShader=1
2025-11-26T05:02:27.804Z In(05) mks  Vulkan Renderer:   wideLines=1
2025-11-26T05:02:27.804Z In(05) mks  Vulkan Renderer:   largePoints=1
2025-11-26T05:02:27.804Z In(05) mks  Vulkan Renderer:   samplerAnisotropy=1
2025-11-26T05:02:27.804Z In(05) mks  Vulkan Renderer:   shaderFloat64=0
2025-11-26T05:02:27.804Z In(05) mks  Vulkan Renderer: VK_EXT_custom_border_color:
2025-11-26T05:02:27.804Z In(05) mks  Vulkan Renderer:   customBorderColorWithoutFormat = 1
2025-11-26T05:02:27.804Z In(05) mks  Vulkan Renderer:   maxCustomBorderColorSamplers = 4096
2025-11-26T05:02:27.804Z In(05) mks  Vulkan Renderer: VK_EXT_line_rasterization:
2025-11-26T05:02:27.804Z In(05) mks  Vulkan Renderer:   rectangularLines = 0
2025-11-26T05:02:27.804Z In(05) mks  Vulkan Renderer:   bresenhamLines = 1
2025-11-26T05:02:27.804Z In(05) mks  Vulkan Renderer:   smoothLines = 0
2025-11-26T05:02:27.804Z In(05) mks  Vulkan Renderer:   stippledRectangularLines = 0
2025-11-26T05:02:27.804Z In(05) mks  Vulkan Renderer:   stippledBresenhamLines = 1
2025-11-26T05:02:27.804Z In(05) mks  Vulkan Renderer:   stippledSmoothLines = 0
2025-11-26T05:02:27.804Z In(05) mks  Vulkan Renderer:   lineSubPixelPrecisionBits = 8
2025-11-26T05:02:27.804Z In(05) mks  Vulkan Renderer: VK_EXT_non_seamless_cube_map:
2025-11-26T05:02:27.804Z In(05) mks  Vulkan Renderer:   Support non-seamless cube map filtering = true
2025-11-26T05:02:27.804Z In(05) mks  Vulkan Renderer: VK_EXT_primitive_topology_list_restart:
2025-11-26T05:02:27.804Z In(05) mks  Vulkan Renderer:   primitiveTopologyListRestart = 1
2025-11-26T05:02:27.804Z In(05) mks  Vulkan Renderer:   primitiveTopologyPatchListRestart = 1
2025-11-26T05:02:27.804Z In(05) mks  Vulkan Renderer: VK_EXT_provoking_vertex:
2025-11-26T05:02:27.804Z In(05) mks  Vulkan Renderer:   provokingVertexLast = 1
2025-11-26T05:02:27.804Z In(05) mks  Vulkan Renderer:   transformFeedbackPreservesProvokingVertex = 1
2025-11-26T05:02:27.804Z In(05) mks  Vulkan Renderer:   provokingVertexModePerPipeline = 1
2025-11-26T05:02:27.804Z In(05) mks  Vulkan Renderer:   transformFeedbackPreservesTriangleFanProvokingVertex = 0
2025-11-26T05:02:27.804Z In(05) mks  Vulkan Renderer: VK_EXT_robustness2:
2025-11-26T05:02:27.804Z In(05) mks  Vulkan Renderer:   robustBufferAccess2=1, robustImageAccess2=1, nullDescriptor=1
2025-11-26T05:02:27.804Z In(05) mks  Vulkan Renderer:   robustUniformBufferAccessSizeAlignment=32
2025-11-26T05:02:27.804Z In(05) mks  Vulkan Renderer: VK_EXT_transform_feedback:
2025-11-26T05:02:27.804Z In(05) mks  Vulkan Renderer:   transformFeedback = 1
2025-11-26T05:02:27.804Z In(05) mks  Vulkan Renderer:   geometryStreams = 1
2025-11-26T05:02:27.804Z In(05) mks  Vulkan Renderer:   maxTransformFeedbackStreams = 4
2025-11-26T05:02:27.804Z In(05) mks  Vulkan Renderer:   maxTransformFeedbackBuffers = 4
2025-11-26T05:02:27.804Z In(05) mks  Vulkan Renderer:   maxTransformFeedbackBufferSize = 4294967296
2025-11-26T05:02:27.804Z In(05) mks  Vulkan Renderer:   maxTransformFeedbackStreamDataSize = 512
2025-11-26T05:02:27.804Z In(05) mks  Vulkan Renderer:   maxTransformFeedbackBufferDataSize = 512
2025-11-26T05:02:27.804Z In(05) mks  Vulkan Renderer:   maxTransformFeedbackBufferDataStride = 2048
2025-11-26T05:02:27.804Z In(05) mks  Vulkan Renderer:   transformFeedbackQueries = 1
2025-11-26T05:02:27.804Z In(05) mks  Vulkan Renderer:   transformFeedbackStreamsLinesTriangles = 0
2025-11-26T05:02:27.804Z In(05) mks  Vulkan Renderer:   transformFeedbackRasterizationStreamSelect = 1
2025-11-26T05:02:27.804Z In(05) mks  Vulkan Renderer:   transformFeedbackDraw = 1
2025-11-26T05:02:27.804Z In(05) mks  Vulkan Renderer: VK_EXT_vertex_attribute_divisor:
2025-11-26T05:02:27.804Z In(05) mks  Vulkan Renderer:   vertexAttributeInstanceRateDivisor = 1
2025-11-26T05:02:27.804Z In(05) mks  Vulkan Renderer:   vertexAttributeInstanceRateZeroDivisor = 1
2025-11-26T05:02:27.804Z In(05) mks  Vulkan Renderer:   maxVertexAttribDivisor = 268435455
2025-11-26T05:02:27.804Z In(05) mks  Vulkan Renderer: VK_KHR_dynamic_rendering:
2025-11-26T05:02:27.804Z In(05) mks  Vulkan Renderer:   dynamicRendering = true
2025-11-26T05:02:27.804Z In(05) mks  Vulkan Renderer: VK_KHR_sampler_ycbcr_conversion:
2025-11-26T05:02:27.804Z In(05) mks  Vulkan Renderer:   samplerYcbcrConversion = 1
2025-11-26T05:02:27.804Z In(05) mks  Vulkan Renderer:   0x3b9d2's PFF flags: 0x0
2025-11-26T05:02:27.804Z In(05) mks  Vulkan Renderer:   0x3b9d2's PFF flags: 0x0
2025-11-26T05:02:27.804Z In(05) mks  Vulkan Renderer:   0x3b9d2's PFF flags: 0x6cfd0
2025-11-26T05:02:27.804Z In(05) mks  Vulkan Renderer:   0x3b9d2's PFF flags: 0x6cfd0
2025-11-26T05:02:27.804Z In(05) mks  Vulkan Renderer: VK_KHR_shader_float_controls:
2025-11-26T05:02:27.804Z In(05) mks  Vulkan Renderer:   denormBehaviorIndependence = 0x1
2025-11-26T05:02:27.804Z In(05) mks  Vulkan Renderer:   roundingModeIndependence = 0x2
2025-11-26T05:02:27.804Z In(05) mks  Vulkan Renderer:   shaderSignedZeroInfNanPreserveFloat16 = 1
2025-11-26T05:02:27.804Z In(05) mks  Vulkan Renderer:   shaderSignedZeroInfNanPreserveFloat32 = 1
2025-11-26T05:02:27.804Z In(05) mks  Vulkan Renderer:   shaderSignedZeroInfNanPreserveFloat64 = 1
2025-11-26T05:02:27.804Z In(05) mks  Vulkan Renderer:   shaderDenormPreserveFloat16 = 1
2025-11-26T05:02:27.804Z In(05) mks  Vulkan Renderer:   shaderDenormPreserveFloat32 = 1
2025-11-26T05:02:27.804Z In(05) mks  Vulkan Renderer:   shaderDenormPreserveFloat64 = 1
2025-11-26T05:02:27.804Z In(05) mks  Vulkan Renderer:   shaderDenormFlushToZeroFloat16 = 1
2025-11-26T05:02:27.804Z In(05) mks  Vulkan Renderer:   shaderDenormFlushToZeroFloat32 = 1
2025-11-26T05:02:27.804Z In(05) mks  Vulkan Renderer:   shaderDenormFlushToZeroFloat64 = 1
2025-11-26T05:02:27.804Z In(05) mks  Vulkan Renderer:   shaderRoundingModeRTEFloat16 = 1
2025-11-26T05:02:27.804Z In(05) mks  Vulkan Renderer:   shaderRoundingModeRTEFloat32 = 1
2025-11-26T05:02:27.804Z In(05) mks  Vulkan Renderer:   shaderRoundingModeRTEFloat64 = 1
2025-11-26T05:02:27.804Z In(05) mks  Vulkan Renderer:   shaderRoundingModeRTZFloat16 = 1
2025-11-26T05:02:27.804Z In(05) mks  Vulkan Renderer:   shaderRoundingModeRTZFloat32 = 1
2025-11-26T05:02:27.804Z In(05) mks  Vulkan Renderer:   shaderRoundingModeRTZFloat64 = 1
2025-11-26T05:02:27.804Z In(05) mks  Vulkan Renderer: VK_KHR_external_semaphore_win32:
2025-11-26T05:02:27.804Z In(05) mks  Vulkan Renderer:   exportFromImportedHandleTypesFlags: 0x0
2025-11-26T05:02:27.804Z In(05) mks  Vulkan Renderer:   compatibleHandleTypesFlags: 0x2
2025-11-26T05:02:27.804Z In(05) mks  Vulkan Renderer:   externalSemaphoreFeaturesFlags: 0x3
2025-11-26T05:02:27.804Z In(05) mks  Vulkan Renderer: Memory properties:
2025-11-26T05:02:27.804Z In(05) mks  Vulkan Renderer:   Memory Heaps:
2025-11-26T05:02:27.804Z In(05) mks  Vulkan Renderer:      0: size = 3933 MB  flags = 0x1
2025-11-26T05:02:27.804Z In(05) mks  Vulkan Renderer:   Memory Types:
2025-11-26T05:02:27.804Z In(05) mks  Vulkan Renderer:      0: heapIndex = 0  flags = 0x1
2025-11-26T05:02:27.804Z In(05) mks  Vulkan Renderer:      1: heapIndex = 0  flags = 0x7
2025-11-26T05:02:27.804Z In(05) mks  Vulkan Renderer:      2: heapIndex = 0  flags = 0xf
2025-11-26T05:02:27.805Z In(05) mks  Started Shim3D
2025-11-26T05:02:27.805Z In(05) mks  MKSRenderMain: Started VK
2025-11-26T05:02:27.805Z In(05) mks  MKSRenderMain: Found Full Renderer: VKRenderer
2025-11-26T05:02:27.805Z In(05) mks  MKSRenderMain: maxTextureSize=16384
2025-11-26T05:02:27.805Z In(05) mks  MKSRemoteMgr: Set default display name: Ubuntu 64-bit
2025-11-26T05:02:27.805Z In(05) mks  MKSRemoteMgr: Loading VNC Configuration from VM config file
2025-11-26T05:02:27.805Z In(05) mks  MKSRemoteMgr: Using default VNC keymap table "us"
2025-11-26T05:02:27.805Z In(05) main  MKSSandboxComm: Late PowerOn
2025-11-26T05:02:27.805Z In(05) main  hostCPUID vendor: GenuineIntel
2025-11-26T05:02:27.805Z In(05) main  hostCPUID family: 0x6 model: 0x97 stepping: 0x5
2025-11-26T05:02:27.805Z In(05) main  hostCPUID codename: Alder Lake-S
2025-11-26T05:02:27.805Z In(05) main  hostCPUID name: 12th Gen Intel(R) Core(TM) i5-12400
2025-11-26T05:02:27.805Z In(05) main  hostCPUID level 00000000, 0: 0x00000020 0x756e6547 0x6c65746e 0x49656e69
2025-11-26T05:02:27.805Z In(05) main  hostCPUID level 00000001, 0: 0x00090675 0x03100800 0x7ffafbbf 0xbfebfbff
2025-11-26T05:02:27.805Z In(05) main  hostCPUID level 00000002, 0: 0x00feff01 0x000000f0 0x00000000 0x00000000
2025-11-26T05:02:27.805Z In(05) main  hostCPUID level 00000003, 0: 0x00000000 0x00000000 0x00000000 0x00000000
2025-11-26T05:02:27.805Z In(05) main  hostCPUID level 00000004, 0: 0x1c004121 0x02c0003f 0x0000003f 0x00000000
2025-11-26T05:02:27.805Z In(05) main  hostCPUID level 00000004, 1: 0x1c004122 0x01c0003f 0x0000003f 0x00000000
2025-11-26T05:02:27.805Z In(05) main  hostCPUID level 00000004, 2: 0x1c004143 0x0240003f 0x000007ff 0x00000000
2025-11-26T05:02:27.805Z In(05) main  hostCPUID level 00000004, 3: 0x1c03c163 0x02c0003f 0x00005fff 0x00000004
2025-11-26T05:02:27.805Z In(05) main  hostCPUID level 00000004, 4: 0x00000000 0x00000000 0x00000000 0x00000000
2025-11-26T05:02:27.805Z In(05) main  hostCPUID level 00000005, 0: 0x00000040 0x00000040 0x00000003 0x10101020
2025-11-26T05:02:27.805Z In(05) main  hostCPUID level 00000006, 0: 0x00df8ff7 0x00000002 0x00000409 0x00010003
2025-11-26T05:02:27.805Z In(05) main  hostCPUID level 00000007, 0: 0x00000001 0x239ca7eb 0x98c007ac 0xfc184410
2025-11-26T05:02:27.805Z In(05) main  hostCPUID level 00000007, 1: 0x00401c10 0x00000000 0x00000000 0x00000000
2025-11-26T05:02:27.805Z In(05) main  hostCPUID level 00000008, 0: 0x00000000 0x00000000 0x00000000 0x00000000
2025-11-26T05:02:27.805Z In(05) main  hostCPUID level 00000009, 0: 0x00000000 0x00000000 0x00000000 0x00000000
2025-11-26T05:02:27.805Z In(05) main  hostCPUID level 0000000a, 0: 0x08300805 0x00000000 0x0000000f 0x00008604
2025-11-26T05:02:27.805Z In(05) main  hostCPUID level 0000000b, 0: 0x00000001 0x00000002 0x00000100 0x00000003
2025-11-26T05:02:27.805Z In(05) main  hostCPUID level 0000000b, 1: 0x00000004 0x0000000c 0x00000201 0x00000003
2025-11-26T05:02:27.805Z In(05) main  hostCPUID level 0000000b, 2: 0x00000000 0x00000000 0x00000002 0x00000003
2025-11-26T05:02:27.805Z In(05) main  hostCPUID level 0000000c, 0: 0x00000000 0x00000000 0x00000000 0x00000000
2025-11-26T05:02:27.805Z In(05) main  hostCPUID level 0000000d, 0: 0x00000207 0x00000340 0x00000a88 0x00000000
2025-11-26T05:02:27.805Z In(05) main  hostCPUID level 0000000d, 1: 0x0000000f 0x000003d0 0x00019900 0x00000000
2025-11-26T05:02:27.805Z In(05) main  hostCPUID level 0000000d, 2: 0x00000100 0x00000240 0x00000000 0x00000000
2025-11-26T05:02:27.805Z In(05) main  hostCPUID level 0000000d, 3: 0x00000000 0x00000000 0x00000000 0x00000000
2025-11-26T05:02:27.805Z In(05) main  hostCPUID level 0000000d, 4: 0x00000000 0x00000000 0x00000000 0x00000000
2025-11-26T05:02:27.805Z In(05) main  hostCPUID level 0000000d, 5: 0x00000000 0x00000000 0x00000000 0x00000000
2025-11-26T05:02:27.805Z In(05) main  hostCPUID level 0000000d, 6: 0x00000000 0x00000000 0x00000000 0x00000000
2025-11-26T05:02:27.805Z In(05) main  hostCPUID level 0000000d, 7: 0x00000000 0x00000000 0x00000000 0x00000000
2025-11-26T05:02:27.805Z In(05) main  hostCPUID level 0000000d, 8: 0x00000080 0x00000000 0x00000001 0x00000000
2025-11-26T05:02:27.805Z In(05) main  hostCPUID level 0000000d, 9: 0x00000008 0x00000a80 0x00000000 0x00000000
2025-11-26T05:02:27.805Z In(05) main  hostCPUID level 0000000d, a: 0x00000000 0x00000000 0x00000000 0x00000000
2025-11-26T05:02:27.805Z In(05) main  hostCPUID level 0000000d, b: 0x00000010 0x00000000 0x00000001 0x00000000
2025-11-26T05:02:27.805Z In(05) main  hostCPUID level 0000000d, c: 0x00000018 0x00000000 0x00000001 0x00000000
2025-11-26T05:02:27.805Z In(05) main  hostCPUID level 0000000d, d: 0x00000000 0x00000000 0x00000000 0x00000000
2025-11-26T05:02:27.805Z In(05) main  hostCPUID level 0000000d, e: 0x00000000 0x00000000 0x00000000 0x00000000
2025-11-26T05:02:27.805Z In(05) main  hostCPUID level 0000000d, f: 0x00000328 0x00000000 0x00000001 0x00000000
2025-11-26T05:02:27.805Z In(05) main  hostCPUID level 0000000d, 10: 0x00000008 0x00000000 0x00000001 0x00000000
2025-11-26T05:02:27.805Z In(05) main  hostCPUID level 0000000e, 0: 0x00000000 0x00000000 0x00000000 0x00000000
2025-11-26T05:02:27.805Z In(05) main  hostCPUID level 0000000f, 0: 0x00000000 0x00000000 0x00000000 0x00000000
2025-11-26T05:02:27.805Z In(05) main  hostCPUID level 0000000f, 1: 0x00000000 0x00000000 0x00000000 0x00000000
2025-11-26T05:02:27.805Z In(05) main  hostCPUID level 00000010, 0: 0x00000000 0x00000004 0x00000000 0x00000000
2025-11-26T05:02:27.805Z In(05) main  hostCPUID level 00000010, 1: 0x00000000 0x00000000 0x00000000 0x00000000
2025-11-26T05:02:27.805Z In(05) main  hostCPUID level 00000010, 2: 0x00000009 0x00000000 0x00000004 0x00000007
2025-11-26T05:02:27.805Z In(05) main  hostCPUID level 00000010, 3: 0x00000000 0x00000000 0x00000000 0x00000000
2025-11-26T05:02:27.805Z In(05) main  hostCPUID level 00000011, 0: 0x00000000 0x00000000 0x00000000 0x00000000
2025-11-26T05:02:27.805Z In(05) main  hostCPUID level 00000012, 0: 0x00000000 0x00000000 0x00000000 0x00000000
2025-11-26T05:02:27.805Z In(05) main  hostCPUID level 00000012, 1: 0x00000000 0x00000000 0x00000000 0x00000000
2025-11-26T05:02:27.805Z In(05) main  hostCPUID level 00000012, 2: 0x00000000 0x00000000 0x00000000 0x00000000
2025-11-26T05:02:27.805Z In(05) main  hostCPUID level 00000012, 3: 0x00000000 0x00000000 0x00000000 0x00000000
2025-11-26T05:02:27.805Z In(05) main  hostCPUID level 00000013, 0: 0x00000000 0x00000000 0x00000000 0x00000000
2025-11-26T05:02:27.805Z In(05) main  hostCPUID level 00000014, 0: 0x00000001 0x0000005f 0x00000007 0x00000000
2025-11-26T05:02:27.805Z In(05) main  hostCPUID level 00000014, 1: 0x02490002 0x003f003f 0x00000000 0x00000000
2025-11-26T05:02:27.805Z In(05) main  hostCPUID level 00000015, 0: 0x00000002 0x00000082 0x0249f000 0x00000000
2025-11-26T05:02:27.805Z In(05) main  hostCPUID level 00000016, 0: 0x000009c4 0x00001130 0x00000064 0x00000000
2025-11-26T05:02:27.805Z In(05) main  hostCPUID level 00000017, 0: 0x00000000 0x00000000 0x00000000 0x00000000
2025-11-26T05:02:27.805Z In(05) main  hostCPUID level 00000018, 0: 0x00000008 0x00000000 0x00000000 0x00000000
2025-11-26T05:02:27.805Z In(05) main  hostCPUID level 00000018, 1: 0x00000000 0x00080001 0x00000020 0x00004022
2025-11-26T05:02:27.805Z In(05) main  hostCPUID level 00000018, 2: 0x00000000 0x00080006 0x00000004 0x00004022
2025-11-26T05:02:27.805Z In(05) main  hostCPUID level 00000018, 3: 0x00000000 0x0010000f 0x00000001 0x00004125
2025-11-26T05:02:27.805Z In(05) main  hostCPUID level 00000018, 4: 0x00000000 0x00040001 0x00000010 0x00004024
2025-11-26T05:02:27.805Z In(05) main  hostCPUID level 00000018, 5: 0x00000000 0x00040006 0x00000008 0x00004024
2025-11-26T05:02:27.805Z In(05) main  hostCPUID level 00000018, 6: 0x00000000 0x00080008 0x00000001 0x00004124
2025-11-26T05:02:27.805Z In(05) main  hostCPUID level 00000018, 7: 0x00000000 0x00080007 0x00000080 0x00004043
2025-11-26T05:02:27.805Z In(05) main  hostCPUID level 00000018, 8: 0x00000000 0x00080009 0x00000080 0x00004043
2025-11-26T05:02:27.805Z In(05) main  hostCPUID level 00000019, 0: 0x00000007 0x00000014 0x00000003 0x00000000
2025-11-26T05:02:27.805Z In(05) main  hostCPUID level 0000001a, 0: 0x00000000 0x00000000 0x00000000 0x00000000
2025-11-26T05:02:27.805Z In(05) main  hostCPUID level 0000001b, 0: 0x00000000 0x00000000 0x00000000 0x00000000
2025-11-26T05:02:27.805Z In(05) main  hostCPUID level 0000001c, 0: 0x4000000b 0x00000007 0x00000007 0x00000000
2025-11-26T05:02:27.805Z In(05) main  hostCPUID level 0000001d, 0: 0x00000000 0x00000000 0x00000000 0x00000000
2025-11-26T05:02:27.805Z In(05) main  hostCPUID level 0000001e, 0: 0x00000000 0x00000000 0x00000000 0x00000000
2025-11-26T05:02:27.805Z In(05) main  hostCPUID level 0000001f, 0: 0x00000001 0x00000002 0x00000100 0x00000003
2025-11-26T05:02:27.805Z In(05) main  hostCPUID level 0000001f, 1: 0x00000004 0x0000000c 0x00000201 0x00000003
2025-11-26T05:02:27.805Z In(05) main  hostCPUID level 0000001f, 2: 0x00000000 0x00000000 0x00000002 0x00000003
2025-11-26T05:02:27.805Z In(05) main  hostCPUID level 00000020, 0: 0x00000000 0x00000001 0x00000000 0x00000000
2025-11-26T05:02:27.805Z In(05) main  hostCPUID level 80000000, 0: 0x80000008 0x00000000 0x00000000 0x00000000
2025-11-26T05:02:27.805Z In(05) main  hostCPUID level 80000001, 0: 0x00000000 0x00000000 0x00000121 0x2c100800
2025-11-26T05:02:27.805Z In(05) main  hostCPUID level 80000002, 0: 0x68743231 0x6e654720 0x746e4920 0x52286c65
2025-11-26T05:02:27.805Z In(05) main  hostCPUID level 80000003, 0: 0x6f432029 0x54286572 0x6920294d 0x32312d35
2025-11-26T05:02:27.805Z In(05) main  hostCPUID level 80000004, 0: 0x00303034 0x00000000 0x00000000 0x00000000
2025-11-26T05:02:27.805Z In(05) main  hostCPUID level 80000005, 0: 0x00000000 0x00000000 0x00000000 0x00000000
2025-11-26T05:02:27.805Z In(05) main  hostCPUID level 80000006, 0: 0x00000000 0x00000000 0x05007040 0x00000000
2025-11-26T05:02:27.805Z In(05) main  hostCPUID level 80000007, 0: 0x00000000 0x00000000 0x00000000 0x00000100
2025-11-26T05:02:27.805Z In(05) main  hostCPUID level 80000008, 0: 0x00003027 0x00000000 0x00000000 0x00000000
2025-11-26T05:02:27.805Z In(05) main  PStrIntern expansion: nBkts=256
2025-11-26T05:02:27.805Z In(05) main  VMFeature_GetHostCaps: hostCaps:
2025-11-26T05:02:27.805Z In(05) main  Capability Found: cpuid.sse3 = 1
2025-11-26T05:02:27.805Z In(05) main  Capability Found: cpuid.pclmulqdq = 1
2025-11-26T05:02:27.805Z In(05) main  Capability Found: cpuid.mwait = 1
2025-11-26T05:02:27.805Z In(05) main  Capability Found: cpuid.vmx = 1
2025-11-26T05:02:27.805Z In(05) main  Capability Found: cpuid.ssse3 = 1
2025-11-26T05:02:27.805Z In(05) main  Capability Found: cpuid.fma = 1
2025-11-26T05:02:27.805Z In(05) main  Capability Found: cpuid.cmpxchg16b = 1
2025-11-26T05:02:27.805Z In(05) main  Capability Found: cpuid.pcid = 1
2025-11-26T05:02:27.805Z In(05) main  Capability Found: cpuid.sse41 = 1
2025-11-26T05:02:27.805Z In(05) main  Capability Found: cpuid.sse42 = 1
2025-11-26T05:02:27.805Z In(05) main  Capability Found: cpuid.movbe = 1
2025-11-26T05:02:27.805Z In(05) main  Capability Found: cpuid.popcnt = 1
2025-11-26T05:02:27.805Z In(05) main  Capability Found: cpuid.aes = 1
2025-11-26T05:02:27.805Z In(05) main  Capability Found: cpuid.xsave = 1
2025-11-26T05:02:27.805Z In(05) main  Capability Found: cpuid.avx = 1
2025-11-26T05:02:27.805Z In(05) main  Capability Found: cpuid.f16c = 1
2025-11-26T05:02:27.805Z In(05) main  Capability Found: cpuid.rdrand = 1
2025-11-26T05:02:27.805Z In(05) main  Capability Found: cpuid.ds = 1
2025-11-26T05:02:27.805Z In(05) main  Capability Found: cpuid.ss = 1
2025-11-26T05:02:27.805Z In(05) main  Capability Found: cpuid.fsgsbase = 1
2025-11-26T05:02:27.805Z In(05) main  Capability Found: cpuid.bmi1 = 1
2025-11-26T05:02:27.805Z In(05) main  Capability Found: cpuid.avx2 = 1
2025-11-26T05:02:27.805Z In(05) main  Capability Found: cpuid.smep = 1
2025-11-26T05:02:27.805Z In(05) main  Capability Found: cpuid.bmi2 = 1
2025-11-26T05:02:27.805Z In(05) main  Capability Found: cpuid.enfstrg = 1
2025-11-26T05:02:27.805Z In(05) main  Capability Found: cpuid.invpcid = 1
2025-11-26T05:02:27.805Z In(05) main  Capability Found: cpuid.pqe = 1
2025-11-26T05:02:27.805Z In(05) main  Capability Found: cpuid.rdseed = 1
2025-11-26T05:02:27.805Z In(05) main  Capability Found: cpuid.adx = 1
2025-11-26T05:02:27.805Z In(05) main  Capability Found: cpuid.smap = 1
2025-11-26T05:02:27.805Z In(05) main  Capability Found: cpuid.clflushopt = 1
2025-11-26T05:02:27.805Z In(05) main  Capability Found: cpuid.clwb = 1
2025-11-26T05:02:27.805Z In(05) main  Capability Found: cpuid.sha = 1
2025-11-26T05:02:27.805Z In(05) main  Capability Found: cpuid.umip = 1
2025-11-26T05:02:27.805Z In(05) main  Capability Found: cpuid.pku = 1
2025-11-26T05:02:27.805Z In(05) main  Capability Found: cpuid.waitpkg = 1
2025-11-26T05:02:27.805Z In(05) main  Capability Found: cpuid.cet_ss = 1
2025-11-26T05:02:27.805Z In(05) main  Capability Found: cpuid.gfni = 1
2025-11-26T05:02:27.805Z In(05) main  Capability Found: cpuid.vaes = 1
2025-11-26T05:02:27.805Z In(05) main  Capability Found: cpuid.vpclmulqdq = 1
2025-11-26T05:02:27.805Z In(05) main  Capability Found: cpuid.rdpid = 1
2025-11-26T05:02:27.805Z In(05) main  Capability Found: cpuid.movdiri = 1
2025-11-26T05:02:27.805Z In(05) main  Capability Found: cpuid.movdir64b = 1
2025-11-26T05:02:27.805Z In(05) main  Capability Found: cpuid.pks = 1
2025-11-26T05:02:27.805Z In(05) main  Capability Found: cpuid.fast_short_repmov = 1
2025-11-26T05:02:27.805Z In(05) main  Capability Found: cpuid.mdclear = 1
2025-11-26T05:02:27.805Z In(05) main  Capability Found: cpuid.serialize = 1
2025-11-26T05:02:27.805Z In(05) main  Capability Found: cpuid.arch_lbr = 1
2025-11-26T05:02:27.805Z In(05) main  Capability Found: cpuid.cet_ibt = 1
2025-11-26T05:02:27.805Z In(05) main  Capability Found: cpuid.stibp = 1
2025-11-26T05:02:27.805Z In(05) main  Capability Found: cpuid.fcmd = 1
2025-11-26T05:02:27.805Z In(05) main  Capability Found: cpuid.ssbd = 1
2025-11-26T05:02:27.805Z In(05) main  Capability Found: cpuid.avx_vnni = 1
2025-11-26T05:02:27.805Z In(05) main  Capability Found: cpuid.fast_zero_movsb = 1
2025-11-26T05:02:27.805Z In(05) main  Capability Found: cpuid.fast_short_stosb = 1
2025-11-26T05:02:27.805Z In(05) main  Capability Found: cpuid.fast_short_cmpsb_scasb = 1
2025-11-26T05:02:27.805Z In(05) main  Capability Found: cpuid.xcr0_master_sse = 1
2025-11-26T05:02:27.805Z In(05) main  Capability Found: cpuid.xcr0_master_ymm_h = 1
2025-11-26T05:02:27.805Z In(05) main  Capability Found: cpuid.xcr0_master_bndregs = 1
2025-11-26T05:02:27.805Z In(05) main  Capability Found: cpuid.xcr0_master_bndcsr = 1
2025-11-26T05:02:27.805Z In(05) main  Capability Found: cpuid.xcr0_master_pkru = 1
2025-11-26T05:02:27.805Z In(05) main  Capability Found: cpuid.xsaveopt = 1
2025-11-26T05:02:27.805Z In(05) main  Capability Found: cpuid.xsavec = 1
2025-11-26T05:02:27.805Z In(05) main  Capability Found: cpuid.xgetbv_ecx1 = 1
2025-11-26T05:02:27.805Z In(05) main  Capability Found: cpuid.xsaves = 1
2025-11-26T05:02:27.805Z In(05) main  Capability Found: cpuid.xss_master_cet_u = 1
2025-11-26T05:02:27.805Z In(05) main  Capability Found: cpuid.xss_master_cet_s = 1
2025-11-26T05:02:27.805Z In(05) main  Capability Found: cpuid.xsaves_cet_u_sup_by_xss = 1
2025-11-26T05:02:27.805Z In(05) main  Capability Found: cpuid.xsaves_cet_s_sup_by_xss = 1
2025-11-26T05:02:27.805Z In(05) main  Capability Found: cpuid.lbr_deep_cstate_reset = 1
2025-11-26T05:02:27.805Z In(05) main  Capability Found: cpuid.lbr_cpl_filtering = 1
2025-11-26T05:02:27.805Z In(05) main  Capability Found: cpuid.lbr_branch_filtering = 1
2025-11-26T05:02:27.805Z In(05) main  Capability Found: cpuid.lbr_call_stack_mode = 1
2025-11-26T05:02:27.805Z In(05) main  Capability Found: cpuid.lbr_mispredict = 1
2025-11-26T05:02:27.805Z In(05) main  Capability Found: cpuid.lbr_timed_lbrs = 1
2025-11-26T05:02:27.805Z In(05) main  Capability Found: cpuid.lbr_branch_type = 1
2025-11-26T05:02:27.805Z In(05) main  Capability Found: cpuid.lahf64 = 1
2025-11-26T05:02:27.805Z In(05) main  Capability Found: cpuid.abm = 1
2025-11-26T05:02:27.805Z In(05) main  Capability Found: cpuid.3dnprefetch = 1
2025-11-26T05:02:27.805Z In(05) main  Capability Found: cpuid.nx = 1
2025-11-26T05:02:27.805Z In(05) main  Capability Found: cpuid.pdpe1gb = 1
2025-11-26T05:02:27.805Z In(05) main  Capability Found: cpuid.rdtscp = 1
2025-11-26T05:02:27.805Z In(05) main  Capability Found: cpuid.lm = 1
2025-11-26T05:02:27.805Z In(05) main  Capability Found: cpuid.intel = 1
2025-11-26T05:02:27.805Z In(05) main  Capability Found: cpuid.ibrs = 1
2025-11-26T05:02:27.805Z In(05) main  Capability Found: cpuid.ibpb = 1
2025-11-26T05:02:27.805Z In(05) main  Capability Found: cpuid.lbr_depth_8 = 1
2025-11-26T05:02:27.805Z In(05) main  Capability Found: cpuid.lbr_depth_16 = 1
2025-11-26T05:02:27.805Z In(05) main  Capability Found: cpuid.lbr_depth_32 = 1
2025-11-26T05:02:27.805Z In(05) main  MKSRoleMain: PowerOn finished.
2025-11-26T05:02:27.805Z In(05) svga  ReplayFifo: mksReplay format version=24
2025-11-26T05:02:27.805Z In(05) svga  SVGA3dDevCaps: replayFifo host
2025-11-26T05:02:27.805Z In(05) svga    cap[  0]: 0x00000001 (3D)
2025-11-26T05:02:27.805Z In(05) svga    cap[  1]: 0x00000008 (MAX_LIGHTS)
2025-11-26T05:02:27.805Z In(05) svga    cap[  2]: 0x00000008 (MAX_TEXTURES)
2025-11-26T05:02:27.805Z In(05) svga    cap[  3]: 0x00000008 (MAX_CLIP_PLANES)
2025-11-26T05:02:27.805Z In(05) svga    cap[  4]: 0x00000007 (VERTEX_SHADER_VERSION)
2025-11-26T05:02:27.805Z In(05) svga    cap[  5]: 0x00000001 (VERTEX_SHADER)
2025-11-26T05:02:27.805Z In(05) svga    cap[  6]: 0x0000000d (FRAGMENT_SHADER_VERSION)
2025-11-26T05:02:27.805Z In(05) svga    cap[  7]: 0x00000001 (FRAGMENT_SHADER)
2025-11-26T05:02:27.805Z In(05) svga    cap[  8]: 0x00000008 (MAX_RENDER_TARGETS)
2025-11-26T05:02:27.805Z In(05) svga    cap[  9]: 0x00000001 (S23E8_TEXTURES)
2025-11-26T05:02:27.805Z In(05) svga    cap[ 10]: 0x00000001 (S10E5_TEXTURES)
2025-11-26T05:02:27.805Z In(05) svga    cap[ 11]: 0x00000004 (MAX_FIXED_VERTEXBLEND)
2025-11-26T05:02:27.805Z In(05) svga    cap[ 12]: 0x00000001 (D16_BUFFER_FORMAT)
2025-11-26T05:02:27.805Z In(05) svga    cap[ 13]: 0x00000001 (D24S8_BUFFER_FORMAT)
2025-11-26T05:02:27.805Z In(05) svga    cap[ 14]: 0x00000001 (D24X8_BUFFER_FORMAT)
2025-11-26T05:02:27.805Z In(05) svga    cap[ 15]: 0x00000001 (QUERY_TYPES)
2025-11-26T05:02:27.805Z In(05) svga    cap[ 16]: 0x00000001 (TEXTURE_GRADIENT_SAMPLING)
2025-11-26T05:02:27.805Z In(05) svga    cap[ 17]: 255.000000 (MAX_POINT_SIZE)
2025-11-26T05:02:27.805Z In(05) svga    cap[ 18]: 0x00000014 (MAX_SHADER_TEXTURES)
2025-11-26T05:02:27.805Z In(05) svga    cap[ 19]: 0x00004000 (MAX_TEXTURE_WIDTH)
2025-11-26T05:02:27.805Z In(05) svga    cap[ 20]: 0x00004000 (MAX_TEXTURE_HEIGHT)
2025-11-26T05:02:27.805Z In(05) svga    cap[ 21]: 0x00000800 (MAX_VOLUME_EXTENT)
2025-11-26T05:02:27.805Z In(05) svga    cap[ 22]: 0x00004000 (MAX_TEXTURE_REPEAT)
2025-11-26T05:02:27.805Z In(05) svga    cap[ 23]: 0x00004000 (MAX_TEXTURE_ASPECT_RATIO)
2025-11-26T05:02:27.805Z In(05) svga    cap[ 24]: 0x00000010 (MAX_TEXTURE_ANISOTROPY)
2025-11-26T05:02:27.805Z In(05) svga    cap[ 25]: 0x001fffff (MAX_PRIMITIVE_COUNT)
2025-11-26T05:02:27.805Z In(05) svga    cap[ 26]: 0x000fffff (MAX_VERTEX_INDEX)
2025-11-26T05:02:27.805Z In(05) svga    cap[ 27]: 0x0000ffff (MAX_VERTEX_SHADER_INSTRUCTIONS)
2025-11-26T05:02:27.805Z In(05) svga    cap[ 28]: 0x0000ffff (MAX_FRAGMENT_SHADER_INSTRUCTIONS)
2025-11-26T05:02:27.805Z In(05) svga    cap[ 29]: 0x00000020 (MAX_VERTEX_SHADER_TEMPS)
2025-11-26T05:02:27.805Z In(05) svga    cap[ 30]: 0x00000020 (MAX_FRAGMENT_SHADER_TEMPS)
2025-11-26T05:02:27.805Z In(05) svga    cap[ 31]: 0x03ffffff (TEXTURE_OPS)
2025-11-26T05:02:27.805Z In(05) svga    cap[ 32]: 0x0018ec1f (SURFACEFMT_X8R8G8B8)
2025-11-26T05:02:27.805Z In(05) svga    cap[ 33]: 0x0018e11f (SURFACEFMT_A8R8G8B8)
2025-11-26T05:02:27.805Z In(05) svga    cap[ 34]: 0x0008601f (SURFACEFMT_A2R10G10B10)
2025-11-26T05:02:27.805Z In(05) svga    cap[ 35]: 0x0008601f (SURFACEFMT_X1R5G5B5)
2025-11-26T05:02:27.805Z In(05) svga    cap[ 36]: 0x0008611f (SURFACEFMT_A1R5G5B5)
2025-11-26T05:02:27.805Z In(05) svga    cap[ 37]: 0x0000611f (SURFACEFMT_A4R4G4B4)
2025-11-26T05:02:27.805Z In(05) svga    cap[ 38]: 0x0018ec1f (SURFACEFMT_R5G6B5)
2025-11-26T05:02:27.805Z In(05) svga    cap[ 39]: 0x0000601f (SURFACEFMT_LUMINANCE16)
2025-11-26T05:02:27.805Z In(05) svga    cap[ 40]: 0x00006007 (SURFACEFMT_LUMINANCE8_ALPHA8)
2025-11-26T05:02:27.805Z In(05) svga    cap[ 41]: 0x0000601f (SURFACEFMT_ALPHA8)
2025-11-26T05:02:27.805Z In(05) svga    cap[ 42]: 0x0000601f (SURFACEFMT_LUMINANCE8)
2025-11-26T05:02:27.805Z In(05) svga    cap[ 43]: 0x000040c5 (SURFACEFMT_Z_D16)
2025-11-26T05:02:27.805Z In(05) svga    cap[ 44]: 0x000040c5 (SURFACEFMT_Z_D24S8)
2025-11-26T05:02:27.805Z In(05) svga    cap[ 45]: 0x000040c5 (SURFACEFMT_Z_D24X8)
2025-11-26T05:02:27.805Z In(05) svga    cap[ 46]: 0x0000e005 (SURFACEFMT_DXT1)
2025-11-26T05:02:27.805Z In(05) svga    cap[ 47]: 0x0000e005 (SURFACEFMT_DXT2)
2025-11-26T05:02:27.805Z In(05) svga    cap[ 48]: 0x0000e005 (SURFACEFMT_DXT3)
2025-11-26T05:02:27.805Z In(05) svga    cap[ 49]: 0x0000e005 (SURFACEFMT_DXT4)
2025-11-26T05:02:27.805Z In(05) svga    cap[ 50]: 0x0000e005 (SURFACEFMT_DXT5)
2025-11-26T05:02:27.805Z In(05) svga    cap[ 51]: 0x00014005 (SURFACEFMT_BUMPX8L8V8U8)
2025-11-26T05:02:27.805Z In(05) svga    cap[ 52]: 0x00014007 (SURFACEFMT_A2W10V10U10)
2025-11-26T05:02:27.805Z In(05) svga    cap[ 53]: 0x00014007 (SURFACEFMT_BUMPU8V8)
2025-11-26T05:02:27.805Z In(05) svga    cap[ 54]: 0x00014005 (SURFACEFMT_Q8W8V8U8)
2025-11-26T05:02:27.805Z In(05) svga    cap[ 55]: 0x00014001 (SURFACEFMT_CxV8U8)
2025-11-26T05:02:27.805Z In(05) svga    cap[ 56]: 0x0080601f (SURFACEFMT_R_S10E5)
2025-11-26T05:02:27.805Z In(05) svga    cap[ 57]: 0x0080601f (SURFACEFMT_R_S23E8)
2025-11-26T05:02:27.805Z In(05) svga    cap[ 58]: 0x0080601f (SURFACEFMT_RG_S10E5)
2025-11-26T05:02:27.805Z In(05) svga    cap[ 59]: 0x0080601f (SURFACEFMT_RG_S23E8)
2025-11-26T05:02:27.805Z In(05) svga    cap[ 60]: 0x0080601f (SURFACEFMT_ARGB_S10E5)
2025-11-26T05:02:27.805Z In(05) svga    cap[ 61]: 0x0080601f (SURFACEFMT_ARGB_S23E8)
2025-11-26T05:02:27.805Z In(05) svga    cap[ 62]: 0x00000000 (MISSING62)
2025-11-26T05:02:27.805Z In(05) svga    cap[ 63]: 0x00000004 (MAX_VERTEX_SHADER_TEXTURES)
2025-11-26T05:02:27.805Z In(05) svga    cap[ 64]: 0x00000008 (MAX_SIMULTANEOUS_RENDER_TARGETS)
2025-11-26T05:02:27.805Z In(05) svga    cap[ 65]: 0x00014007 (SURFACEFMT_V16U16)
2025-11-26T05:02:27.805Z In(05) svga    cap[ 66]: 0x0000601f (SURFACEFMT_G16R16)
2025-11-26T05:02:27.805Z In(05) svga    cap[ 67]: 0x0000601f (SURFACEFMT_A16B16G16R16)
2025-11-26T05:02:27.805Z In(05) svga    cap[ 68]: 0x01246000 (SURFACEFMT_UYVY)
2025-11-26T05:02:27.805Z In(05) svga    cap[ 69]: 0x01246000 (SURFACEFMT_YUY2)
2025-11-26T05:02:27.805Z In(05) svga    cap[ 70]: 0x00000000 (DEAD4)
2025-11-26T05:02:27.805Z In(05) svga    cap[ 71]: 0x00000000 (DEAD5)
2025-11-26T05:02:27.805Z In(05) svga    cap[ 72]: 0x00000000 (DEAD7)
2025-11-26T05:02:27.805Z In(05) svga    cap[ 73]: 0x00000000 (DEAD6)
2025-11-26T05:02:27.805Z In(05) svga    cap[ 74]: 0x00000001 (AUTOGENMIPMAPS)
2025-11-26T05:02:27.805Z In(05) svga    cap[ 75]: 0x01246000 (SURFACEFMT_NV12)
2025-11-26T05:02:27.805Z In(05) svga    cap[ 76]: 0x00000000 (DEAD10)
2025-11-26T05:02:27.805Z In(05) svga    cap[ 77]: 0x00000100 (MAX_CONTEXT_IDS)
2025-11-26T05:02:27.805Z In(05) svga    cap[ 78]: 0x00008000 (MAX_SURFACE_IDS)
2025-11-26T05:02:27.805Z In(05) svga    cap[ 79]: 0x000040c5 (SURFACEFMT_Z_DF16)
2025-11-26T05:02:27.805Z In(05) svga    cap[ 80]: 0x000040c5 (SURFACEFMT_Z_DF24)
2025-11-26T05:02:27.805Z In(05) svga    cap[ 81]: 0x000040c5 (SURFACEFMT_Z_D24S8_INT)
2025-11-26T05:02:27.805Z In(05) svga    cap[ 82]: 0x00006005 (SURFACEFMT_ATI1)
2025-11-26T05:02:27.805Z In(05) svga    cap[ 83]: 0x00006005 (SURFACEFMT_ATI2)
2025-11-26T05:02:27.805Z In(05) svga    cap[ 84]: 0x00000000 (DEAD1)
2025-11-26T05:02:27.805Z In(05) svga    cap[ 85]: 0x00000000 (DEAD8)
2025-11-26T05:02:27.805Z In(05) svga    cap[ 86]: 0x00000000 (DEAD9)
2025-11-26T05:02:27.805Z In(05) svga    cap[ 87]: 0x00000001 (LINE_AA)
2025-11-26T05:02:27.805Z In(05) svga    cap[ 88]: 0x00000001 (LINE_STIPPLE)
2025-11-26T05:02:27.805Z In(05) svga    cap[ 89]:  10.000000 (MAX_LINE_WIDTH)
2025-11-26T05:02:27.805Z In(05) svga    cap[ 90]:  10.000000 (MAX_AA_LINE_WIDTH)
2025-11-26T05:02:27.805Z In(05) svga    cap[ 91]: 0x01246000 (SURFACEFMT_YV12)
2025-11-26T05:02:27.805Z In(05) svga    cap[ 92]: 0x00000000 (DEAD3)
2025-11-26T05:02:27.805Z In(05) svga    cap[ 93]: 0x00000001 (TS_COLOR_KEY)
2025-11-26T05:02:27.805Z In(05) svga    cap[ 94]: 0x00000000 (DEAD2)
2025-11-26T05:02:27.805Z In(05) svga    cap[ 95]: 0x00000001 (DXCONTEXT)
2025-11-26T05:02:27.805Z In(05) svga    cap[ 96]: 0x00000000 (DEAD11)
2025-11-26T05:02:27.805Z In(05) svga    cap[ 97]: 0x00000010 (DX_MAX_VERTEXBUFFERS)
2025-11-26T05:02:27.805Z In(05) svga    cap[ 98]: 0x0000000f (DX_MAX_CONSTANT_BUFFERS)
2025-11-26T05:02:27.805Z In(05) svga    cap[ 99]: 0x00000001 (DX_PROVOKING_VERTEX)
2025-11-26T05:02:27.805Z In(05) svga    cap[100]: 0x000002f7 (DXFMT_X8R8G8B8)
2025-11-26T05:02:27.805Z In(05) svga    cap[101]: 0x000003f7 (DXFMT_A8R8G8B8)
2025-11-26T05:02:27.805Z In(05) svga    cap[102]: 0x000002f7 (DXFMT_R5G6B5)
2025-11-26T05:02:27.805Z In(05) svga    cap[103]: 0x000000f7 (DXFMT_X1R5G5B5)
2025-11-26T05:02:27.805Z In(05) svga    cap[104]: 0x000000f7 (DXFMT_A1R5G5B5)
2025-11-26T05:02:27.805Z In(05) svga    cap[105]: 0x000000f7 (DXFMT_A4R4G4B4)
2025-11-26T05:02:27.805Z In(05) svga    cap[106]: 0x00000009 (DXFMT_Z_D32)
2025-11-26T05:02:27.805Z In(05) svga    cap[107]: 0x0000026b (DXFMT_Z_D16)
2025-11-26T05:02:27.805Z In(05) svga    cap[108]: 0x0000026b (DXFMT_Z_D24S8)
2025-11-26T05:02:27.805Z In(05) svga    cap[109]: 0x0000000b (DXFMT_Z_D15S1)
2025-11-26T05:02:27.805Z In(05) svga    cap[110]: 0x000000f7 (DXFMT_LUMINANCE8)
2025-11-26T05:02:27.805Z In(05) svga    cap[111]: 0x000000e3 (DXFMT_LUMINANCE4_ALPHA4)
2025-11-26T05:02:27.805Z In(05) svga    cap[112]: 0x000000f7 (DXFMT_LUMINANCE16)
2025-11-26T05:02:27.805Z In(05) svga    cap[113]: 0x000000e3 (DXFMT_LUMINANCE8_ALPHA8)
2025-11-26T05:02:27.805Z In(05) svga    cap[114]: 0x00000063 (DXFMT_DXT1)
2025-11-26T05:02:27.805Z In(05) svga    cap[115]: 0x00000063 (DXFMT_DXT2)
2025-11-26T05:02:27.805Z In(05) svga    cap[116]: 0x00000063 (DXFMT_DXT3)
2025-11-26T05:02:27.805Z In(05) svga    cap[117]: 0x00000063 (DXFMT_DXT4)
2025-11-26T05:02:27.805Z In(05) svga    cap[118]: 0x00000063 (DXFMT_DXT5)
2025-11-26T05:02:27.805Z In(05) svga    cap[119]: 0x000000e3 (DXFMT_BUMPU8V8)
2025-11-26T05:02:27.805Z In(05) svga    cap[120]: 0x00000000 (DXFMT_BUMPL6V5U5)
2025-11-26T05:02:27.805Z In(05) svga    cap[121]: 0x00000063 (DXFMT_BUMPX8L8V8U8)
2025-11-26T05:02:27.805Z In(05) svga    cap[122]: 0x00000000 (DXFMT_FORMAT_DEAD1)
2025-11-26T05:02:27.805Z In(05) svga    cap[123]: 0x000003f7 (DXFMT_ARGB_S10E5)
2025-11-26T05:02:27.805Z In(05) svga    cap[124]: 0x000003f7 (DXFMT_ARGB_S23E8)
2025-11-26T05:02:27.805Z In(05) svga    cap[125]: 0x000003f7 (DXFMT_A2R10G10B10)
2025-11-26T05:02:27.805Z In(05) svga    cap[126]: 0x000000e3 (DXFMT_V8U8)
2025-11-26T05:02:27.805Z In(05) svga    cap[127]: 0x00000063 (DXFMT_Q8W8V8U8)
2025-11-26T05:02:27.805Z In(05) svga    cap[128]: 0x00000063 (DXFMT_CxV8U8)
2025-11-26T05:02:27.805Z In(05) svga    cap[129]: 0x000000e3 (DXFMT_X8L8V8U8)
2025-11-26T05:02:27.805Z In(05) svga    cap[130]: 0x000000e3 (DXFMT_A2W10V10U10)
2025-11-26T05:02:27.805Z In(05) svga    cap[131]: 0x000000f7 (DXFMT_ALPHA8)
2025-11-26T05:02:27.805Z In(05) svga    cap[132]: 0x000003f7 (DXFMT_R_S10E5)
2025-11-26T05:02:27.805Z In(05) svga    cap[133]: 0x000003f7 (DXFMT_R_S23E8)
2025-11-26T05:02:27.805Z In(05) svga    cap[134]: 0x000003f7 (DXFMT_RG_S10E5)
2025-11-26T05:02:27.805Z In(05) svga    cap[135]: 0x000003f7 (DXFMT_RG_S23E8)
2025-11-26T05:02:27.805Z In(05) svga    cap[136]: 0x00000001 (DXFMT_BUFFER)
2025-11-26T05:02:27.805Z In(05) svga    cap[137]: 0x0000026b (DXFMT_Z_D24X8)
2025-11-26T05:02:27.805Z In(05) svga    cap[138]: 0x000001e3 (DXFMT_V16U16)
2025-11-26T05:02:27.805Z In(05) svga    cap[139]: 0x000003f7 (DXFMT_G16R16)
2025-11-26T05:02:27.805Z In(05) svga    cap[140]: 0x000001f7 (DXFMT_A16B16G16R16)
2025-11-26T05:02:27.805Z In(05) svga    cap[141]: 0x00000001 (DXFMT_UYVY)
2025-11-26T05:02:27.805Z In(05) svga    cap[142]: 0x00000041 (DXFMT_YUY2)
2025-11-26T05:02:27.805Z In(05) svga    cap[143]: 0x00000041 (DXFMT_NV12)
2025-11-26T05:02:27.805Z In(05) svga    cap[144]: 0x00000000 (DXFMT_FORMAT_DEAD2)
2025-11-26T05:02:27.805Z In(05) svga    cap[145]: 0x000002e1 (DXFMT_R32G32B32A32_TYPELESS)
2025-11-26T05:02:27.805Z In(05) svga    cap[146]: 0x000003e7 (DXFMT_R32G32B32A32_UINT)
2025-11-26T05:02:27.805Z In(05) svga    cap[147]: 0x000003e7 (DXFMT_R32G32B32A32_SINT)
2025-11-26T05:02:27.805Z In(05) svga    cap[148]: 0x000000e1 (DXFMT_R32G32B32_TYPELESS)
2025-11-26T05:02:27.805Z In(05) svga    cap[149]: 0x000001e3 (DXFMT_R32G32B32_FLOAT)
2025-11-26T05:02:27.805Z In(05) svga    cap[150]: 0x000001e3 (DXFMT_R32G32B32_UINT)
2025-11-26T05:02:27.805Z In(05) svga    cap[151]: 0x000001e3 (DXFMT_R32G32B32_SINT)
2025-11-26T05:02:27.805Z In(05) svga    cap[152]: 0x000002e1 (DXFMT_R16G16B16A16_TYPELESS)
2025-11-26T05:02:27.805Z In(05) svga    cap[153]: 0x000003e7 (DXFMT_R16G16B16A16_UINT)
2025-11-26T05:02:27.805Z In(05) svga    cap[154]: 0x000003f7 (DXFMT_R16G16B16A16_SNORM)
2025-11-26T05:02:27.805Z In(05) svga    cap[155]: 0x000003e7 (DXFMT_R16G16B16A16_SINT)
2025-11-26T05:02:27.805Z In(05) svga    cap[156]: 0x000002e1 (DXFMT_R32G32_TYPELESS)
2025-11-26T05:02:27.805Z In(05) svga    cap[157]: 0x000003e7 (DXFMT_R32G32_UINT)
2025-11-26T05:02:27.805Z In(05) svga    cap[158]: 0x000003e7 (DXFMT_R32G32_SINT)
2025-11-26T05:02:27.805Z In(05) svga    cap[159]: 0x00000261 (DXFMT_R32G8X24_TYPELESS)
2025-11-26T05:02:27.805Z In(05) svga    cap[160]: 0x00000269 (DXFMT_D32_FLOAT_S8X24_UINT)
2025-11-26T05:02:27.805Z In(05) svga    cap[161]: 0x00000063 (DXFMT_R32_FLOAT_X8X24)
2025-11-26T05:02:27.805Z In(05) svga    cap[162]: 0x00000063 (DXFMT_X32_G8X24_UINT)
2025-11-26T05:02:27.805Z In(05) svga    cap[163]: 0x000002e1 (DXFMT_R10G10B10A2_TYPELESS)
2025-11-26T05:02:27.805Z In(05) svga    cap[164]: 0x000003e7 (DXFMT_R10G10B10A2_UINT)
2025-11-26T05:02:27.805Z In(05) svga    cap[165]: 0x000003f7 (DXFMT_R11G11B10_FLOAT)
2025-11-26T05:02:27.805Z In(05) svga    cap[166]: 0x000002e1 (DXFMT_R8G8B8A8_TYPELESS)
2025-11-26T05:02:27.805Z In(05) svga    cap[167]: 0x000003f7 (DXFMT_R8G8B8A8_UNORM)
2025-11-26T05:02:27.805Z In(05) svga    cap[168]: 0x000002f7 (DXFMT_R8G8B8A8_UNORM_SRGB)
2025-11-26T05:02:27.805Z In(05) svga    cap[169]: 0x000003e7 (DXFMT_R8G8B8A8_UINT)
2025-11-26T05:02:27.805Z In(05) svga    cap[170]: 0x000003e7 (DXFMT_R8G8B8A8_SINT)
2025-11-26T05:02:27.805Z In(05) svga    cap[171]: 0x000002e1 (DXFMT_R16G16_TYPELESS)
2025-11-26T05:02:27.805Z In(05) svga    cap[172]: 0x000003e7 (DXFMT_R16G16_UINT)
2025-11-26T05:02:27.805Z In(05) svga    cap[173]: 0x000003e7 (DXFMT_R16G16_SINT)
2025-11-26T05:02:27.805Z In(05) svga    cap[174]: 0x000002e1 (DXFMT_R32_TYPELESS)
2025-11-26T05:02:27.805Z In(05) svga    cap[175]: 0x00000269 (DXFMT_D32_FLOAT)
2025-11-26T05:02:27.805Z In(05) svga    cap[176]: 0x000003e7 (DXFMT_R32_UINT)
2025-11-26T05:02:27.805Z In(05) svga    cap[177]: 0x000003e7 (DXFMT_R32_SINT)
2025-11-26T05:02:27.805Z In(05) svga    cap[178]: 0x00000261 (DXFMT_R24G8_TYPELESS)
2025-11-26T05:02:27.805Z In(05) svga    cap[179]: 0x00000269 (DXFMT_D24_UNORM_S8_UINT)
2025-11-26T05:02:27.805Z In(05) svga    cap[180]: 0x00000063 (DXFMT_R24_UNORM_X8)
2025-11-26T05:02:27.805Z In(05) svga    cap[181]: 0x00000063 (DXFMT_X24_G8_UINT)
2025-11-26T05:02:27.805Z In(05) svga    cap[182]: 0x000002e1 (DXFMT_R8G8_TYPELESS)
2025-11-26T05:02:27.805Z In(05) svga    cap[183]: 0x000003f7 (DXFMT_R8G8_UNORM)
2025-11-26T05:02:27.805Z In(05) svga    cap[184]: 0x000003e7 (DXFMT_R8G8_UINT)
2025-11-26T05:02:27.805Z In(05) svga    cap[185]: 0x000003e7 (DXFMT_R8G8_SINT)
2025-11-26T05:02:27.805Z In(05) svga    cap[186]: 0x000002e1 (DXFMT_R16_TYPELESS)
2025-11-26T05:02:27.805Z In(05) svga    cap[187]: 0x000003f7 (DXFMT_R16_UNORM)
2025-11-26T05:02:27.805Z In(05) svga    cap[188]: 0x000003e7 (DXFMT_R16_UINT)
2025-11-26T05:02:27.805Z In(05) svga    cap[189]: 0x000003f7 (DXFMT_R16_SNORM)
2025-11-26T05:02:27.805Z In(05) svga    cap[190]: 0x000003e7 (DXFMT_R16_SINT)
2025-11-26T05:02:27.805Z In(05) svga    cap[191]: 0x000002e1 (DXFMT_R8_TYPELESS)
2025-11-26T05:02:27.805Z In(05) svga    cap[192]: 0x000003f7 (DXFMT_R8_UNORM)
2025-11-26T05:02:27.805Z In(05) svga    cap[193]: 0x000003e7 (DXFMT_R8_UINT)
2025-11-26T05:02:27.805Z In(05) svga    cap[194]: 0x000003f7 (DXFMT_R8_SNORM)
2025-11-26T05:02:27.805Z In(05) svga    cap[195]: 0x000003e7 (DXFMT_R8_SINT)
2025-11-26T05:02:27.805Z In(05) svga    cap[196]: 0x00000001 (DXFMT_P8)
2025-11-26T05:02:27.805Z In(05) svga    cap[197]: 0x000000e3 (DXFMT_R9G9B9E5_SHAREDEXP)
2025-11-26T05:02:27.805Z In(05) svga    cap[198]: 0x000000e3 (DXFMT_R8G8_B8G8_UNORM)
2025-11-26T05:02:27.805Z In(05) svga    cap[199]: 0x000000e3 (DXFMT_G8R8_G8B8_UNORM)
2025-11-26T05:02:27.805Z In(05) svga    cap[200]: 0x000000e1 (DXFMT_BC1_TYPELESS)
2025-11-26T05:02:27.805Z In(05) svga    cap[201]: 0x000000e3 (DXFMT_BC1_UNORM_SRGB)
2025-11-26T05:02:27.805Z In(05) svga    cap[202]: 0x000000e1 (DXFMT_BC2_TYPELESS)
2025-11-26T05:02:27.805Z In(05) svga    cap[203]: 0x000000e3 (DXFMT_BC2_UNORM_SRGB)
2025-11-26T05:02:27.805Z In(05) svga    cap[204]: 0x000000e1 (DXFMT_BC3_TYPELESS)
2025-11-26T05:02:27.805Z In(05) svga    cap[205]: 0x000000e3 (DXFMT_BC3_UNORM_SRGB)
2025-11-26T05:02:27.805Z In(05) svga    cap[206]: 0x000000e1 (DXFMT_BC4_TYPELESS)
2025-11-26T05:02:27.805Z In(05) svga    cap[207]: 0x00000063 (DXFMT_ATI1)
2025-11-26T05:02:27.805Z In(05) svga    cap[208]: 0x000000e3 (DXFMT_BC4_SNORM)
2025-11-26T05:02:27.805Z In(05) svga    cap[209]: 0x000000e1 (DXFMT_BC5_TYPELESS)
2025-11-26T05:02:27.805Z In(05) svga    cap[210]: 0x00000063 (DXFMT_ATI2)
2025-11-26T05:02:27.805Z In(05) svga    cap[211]: 0x000000e3 (DXFMT_BC5_SNORM)
2025-11-26T05:02:27.805Z In(05) svga    cap[212]: 0x00000045 (DXFMT_R10G10B10_XR_BIAS_A2_UNORM)
2025-11-26T05:02:27.805Z In(05) svga    cap[213]: 0x000002e1 (DXFMT_B8G8R8A8_TYPELESS)
2025-11-26T05:02:27.805Z In(05) svga    cap[214]: 0x000002f7 (DXFMT_B8G8R8A8_UNORM_SRGB)
2025-11-26T05:02:27.805Z In(05) svga    cap[215]: 0x000002e1 (DXFMT_B8G8R8X8_TYPELESS)
2025-11-26T05:02:27.805Z In(05) svga    cap[216]: 0x000002f7 (DXFMT_B8G8R8X8_UNORM_SRGB)
2025-11-26T05:02:27.805Z In(05) svga    cap[217]: 0x0000006b (DXFMT_Z_DF16)
2025-11-26T05:02:27.805Z In(05) svga    cap[218]: 0x0000006b (DXFMT_Z_DF24)
2025-11-26T05:02:27.805Z In(05) svga    cap[219]: 0x0000006b (DXFMT_Z_D24S8_INT)
2025-11-26T05:02:27.805Z In(05) svga    cap[220]: 0x00000001 (DXFMT_YV12)
2025-11-26T05:02:27.805Z In(05) svga    cap[221]: 0x000003f7 (DXFMT_R32G32B32A32_FLOAT)
2025-11-26T05:02:27.805Z In(05) svga    cap[222]: 0x000003f7 (DXFMT_R16G16B16A16_FLOAT)
2025-11-26T05:02:27.805Z In(05) svga    cap[223]: 0x000003f7 (DXFMT_R16G16B16A16_UNORM)
2025-11-26T05:02:27.805Z In(05) svga    cap[224]: 0x000003f7 (DXFMT_R32G32_FLOAT)
2025-11-26T05:02:27.805Z In(05) svga    cap[225]: 0x000003f7 (DXFMT_R10G10B10A2_UNORM)
2025-11-26T05:02:27.805Z In(05) svga    cap[226]: 0x000003f7 (DXFMT_R8G8B8A8_SNORM)
2025-11-26T05:02:27.805Z In(05) svga    cap[227]: 0x000003f7 (DXFMT_R16G16_FLOAT)
2025-11-26T05:02:27.805Z In(05) svga    cap[228]: 0x000003f7 (DXFMT_R16G16_UNORM)
2025-11-26T05:02:27.805Z In(05) svga    cap[229]: 0x000003f7 (DXFMT_R16G16_SNORM)
2025-11-26T05:02:27.805Z In(05) svga    cap[230]: 0x000003f7 (DXFMT_R32_FLOAT)
2025-11-26T05:02:27.805Z In(05) svga    cap[231]: 0x000003f7 (DXFMT_R8G8_SNORM)
2025-11-26T05:02:27.805Z In(05) svga    cap[232]: 0x000003f7 (DXFMT_R16_FLOAT)
2025-11-26T05:02:27.805Z In(05) svga    cap[233]: 0x00000269 (DXFMT_D16_UNORM)
2025-11-26T05:02:27.805Z In(05) svga    cap[234]: 0x000002f7 (DXFMT_A8_UNORM)
2025-11-26T05:02:27.805Z In(05) svga    cap[235]: 0x000000e3 (DXFMT_BC1_UNORM)
2025-11-26T05:02:27.805Z In(05) svga    cap[236]: 0x000000e3 (DXFMT_BC2_UNORM)
2025-11-26T05:02:27.805Z In(05) svga    cap[237]: 0x000000e3 (DXFMT_BC3_UNORM)
2025-11-26T05:02:27.805Z In(05) svga    cap[238]: 0x000002f7 (DXFMT_B5G6R5_UNORM)
2025-11-26T05:02:27.805Z In(05) svga    cap[239]: 0x000002f7 (DXFMT_B5G5R5A1_UNORM)
2025-11-26T05:02:27.805Z In(05) svga    cap[240]: 0x000003f7 (DXFMT_B8G8R8A8_UNORM)
2025-11-26T05:02:27.805Z In(05) svga    cap[241]: 0x000003f7 (DXFMT_B8G8R8X8_UNORM)
2025-11-26T05:02:27.805Z In(05) svga    cap[242]: 0x000000e3 (DXFMT_BC4_UNORM)
2025-11-26T05:02:27.805Z In(05) svga    cap[243]: 0x000000e3 (DXFMT_BC5_UNORM)
2025-11-26T05:02:27.805Z In(05) svga    cap[244]: 0x00000001 (SM41)
2025-11-26T05:02:27.805Z In(05) svga    cap[245]: 0x00000001 (MULTISAMPLE_2X)
2025-11-26T05:02:27.805Z In(05) svga    cap[246]: 0x00000001 (MULTISAMPLE_4X)
2025-11-26T05:02:27.805Z In(05) svga    cap[247]: 0x00000001 (MS_FULL_QUALITY)
2025-11-26T05:02:27.805Z In(05) svga    cap[248]: 0x00000001 (LOGICOPS)
2025-11-26T05:02:27.805Z In(05) svga    cap[249]: 0x00000001 (LOGIC_BLENDOPS)
2025-11-26T05:02:27.805Z In(05) svga    cap[250]: 0x00000000 (DEAD12)
2025-11-26T05:02:27.805Z In(05) svga    cap[251]: 0x000000e1 (DXFMT_BC6H_TYPELESS)
2025-11-26T05:02:27.805Z In(05) svga    cap[252]: 0x000000e3 (DXFMT_BC6H_UF16)
2025-11-26T05:02:27.805Z In(05) svga    cap[253]: 0x000000e3 (DXFMT_BC6H_SF16)
2025-11-26T05:02:27.806Z In(05) svga    cap[254]: 0x000000e1 (DXFMT_BC7_TYPELESS)
2025-11-26T05:02:27.806Z In(05) svga    cap[255]: 0x000000e3 (DXFMT_BC7_UNORM)
2025-11-26T05:02:27.806Z In(05) svga    cap[256]: 0x000000e3 (DXFMT_BC7_UNORM_SRGB)
2025-11-26T05:02:27.806Z In(05) svga    cap[257]: 0x00000000 (DEAD13)
2025-11-26T05:02:27.806Z In(05) svga    cap[258]: 0x00000001 (SM5)
2025-11-26T05:02:27.806Z In(05) svga    cap[259]: 0x00000001 (MULTISAMPLE_8X)
2025-11-26T05:02:27.806Z In(05) svga    cap[260]: 0x00000008 (MAX_FORCED_SAMPLE_COUNT)
2025-11-26T05:02:27.806Z In(05) svga    cap[261]: 0x00000001 (GL43)
2025-11-26T05:02:27.807Z In(05) svga  MKSThread: SVGA thread is entering the main loop
2025-11-26T05:17:49.830Z In(05) mks  MKSThread: Requesting MKS exit
2025-11-26T05:17:49.830Z In(05) svga  MKSThread: SVGA thread is exiting the main loop
2025-11-26T05:17:49.830Z In(05) main  Stopping MKS/SVGA threads
2025-11-26T05:17:49.831Z In(05) svga  MKSSandboxComm: Cleanup
2025-11-26T05:17:49.831Z In(05) main  MKS/SVGA threads are stopped
2025-11-26T05:17:49.831Z In(05) main  MKSRoleMain: Powering off.
2025-11-26T05:17:49.831Z In(05) main  MKSRoleMain: Powering off MKS
2025-11-26T05:17:49.831Z In(05) mks  MKSRenderMain: Stopping VK
2025-11-26T05:17:49.831Z In(05) mks  Stopped Shim3D
2025-11-26T05:17:50.096Z In(05) mks  Vulkan Renderer: Logical max GPU memory used: 236503808 bytes
2025-11-26T05:17:50.096Z In(05) mks  Vulkan Renderer: Logical current GPU memory used: 0 bytes
2025-11-26T05:17:50.096Z In(05) mks  Vulkan Renderer: Logical max GPU allocation count: 523
2025-11-26T05:17:50.096Z In(05) mks  Vulkan Renderer: Logical current GPU allocation count: 0
2025-11-26T05:17:50.096Z In(05) mks  Vulkan Renderer: Physical max GPU memory used: 293404800 bytes
2025-11-26T05:17:50.096Z In(05) mks  Vulkan Renderer: Physical current GPU memory used: 0 bytes
2025-11-26T05:17:50.096Z In(05) mks  Vulkan Renderer: Physical max GPU allocation count: 10
2025-11-26T05:17:50.096Z In(05) mks  Vulkan Renderer: Physical current GPU allocation count: 0
2025-11-26T05:17:50.096Z In(05) mks  Vulkan Renderer: Physical GPU heaps allocated count: 5
2025-11-26T05:17:50.096Z In(05) mks  Vulkan Renderer: External GPU allocation count: 7
2025-11-26T05:17:50.096Z In(05) mks  Vulkan Renderer: Dedicated GPU allocation count: 9
2025-11-26T05:17:50.108Z In(05) mks  MKSRenderMain: Stopped VK
